
  .   ____          _            __ _ _
 /\\ / ___'_ __ _ _(_)_ __  __ _ \ \ \ \
( ( )\___ | '_ | '_| | '_ \/ _` | \ \ \ \
 \\/  ___)| |_)| | | | | || (_| |  ) ) ) )
  '  |____| .__|_| |_|_| |_\__, | / / / /
 =========|_|==============|___/=/_/_/_/

 :: Spring Boot ::                (v3.5.7)

2026-06-25T14:56:39.357Z  INFO 75552 --- [LojaCarro] [           main] b.o.e.i.LojaCarro.LojaCarroApplication   : Starting LojaCarroApplication v0.0.1-SNAPSHOT using Java 17.0.19 with PID 75552 (/workspaces/teste-deploy/target/mateus.jar started by codespace in /workspaces/teste-deploy/target)
2026-06-25T14:56:39.370Z DEBUG 75552 --- [LojaCarro] [           main] b.o.e.i.LojaCarro.LojaCarroApplication   : Running with Spring Boot v3.5.7, Spring v6.2.12
2026-06-25T14:56:39.375Z  INFO 75552 --- [LojaCarro] [           main] b.o.e.i.LojaCarro.LojaCarroApplication   : No active profile set, falling back to 1 default profile: "default"
2026-06-25T14:56:41.266Z  INFO 75552 --- [LojaCarro] [           main] .s.d.r.c.RepositoryConfigurationDelegate : Bootstrapping Spring Data JPA repositories in DEFAULT mode.
2026-06-25T14:56:41.359Z  INFO 75552 --- [LojaCarro] [           main] .s.d.r.c.RepositoryConfigurationDelegate : Finished Spring Data repository scanning in 80 ms. Found 3 JPA repository interfaces.
2026-06-25T14:56:42.668Z  INFO 75552 --- [LojaCarro] [           main] o.s.b.w.embedded.tomcat.TomcatWebServer  : Tomcat initialized with port 8080 (http)
2026-06-25T14:56:42.687Z  INFO 75552 --- [LojaCarro] [           main] o.apache.catalina.core.StandardService   : Starting service [Tomcat]
2026-06-25T14:56:42.687Z  INFO 75552 --- [LojaCarro] [           main] o.apache.catalina.core.StandardEngine    : Starting Servlet engine: [Apache Tomcat/10.1.48]
2026-06-25T14:56:42.728Z  INFO 75552 --- [LojaCarro] [           main] o.a.c.c.C.[Tomcat].[localhost].[/]       : Initializing Spring embedded WebApplicationContext
2026-06-25T14:56:42.730Z  INFO 75552 --- [LojaCarro] [           main] w.s.c.ServletWebServerApplicationContext : Root WebApplicationContext: initialization completed in 3146 ms
2026-06-25T14:56:43.030Z  INFO 75552 --- [LojaCarro] [           main] o.hibernate.jpa.internal.util.LogHelper  : HHH000204: Processing PersistenceUnitInfo [name: default]
2026-06-25T14:56:43.114Z  INFO 75552 --- [LojaCarro] [           main] org.hibernate.Version                    : HHH000412: Hibernate ORM core version 6.6.33.Final
2026-06-25T14:56:43.193Z  INFO 75552 --- [LojaCarro] [           main] o.h.c.internal.RegionFactoryInitiator    : HHH000026: Second-level cache disabled
2026-06-25T14:56:43.707Z  INFO 75552 --- [LojaCarro] [           main] o.s.o.j.p.SpringPersistenceUnitInfo      : No LoadTimeWeaver setup: ignoring JPA class transformer
2026-06-25T14:56:43.767Z  INFO 75552 --- [LojaCarro] [           main] com.zaxxer.hikari.HikariDataSource       : HikariPool-1 - Starting...
2026-06-25T14:56:44.608Z  INFO 75552 --- [LojaCarro] [           main] com.zaxxer.hikari.pool.HikariPool        : HikariPool-1 - Added connection com.mysql.cj.jdbc.ConnectionImpl@3739f3c9
2026-06-25T14:56:44.615Z  INFO 75552 --- [LojaCarro] [           main] com.zaxxer.hikari.HikariDataSource       : HikariPool-1 - Start completed.
2026-06-25T14:56:44.701Z  WARN 75552 --- [LojaCarro] [           main] org.hibernate.orm.deprecation            : HHH90000025: MySQL8Dialect does not need to be specified explicitly using 'hibernate.dialect' (remove the property setting and it will be selected by default)
2026-06-25T14:56:44.702Z  WARN 75552 --- [LojaCarro] [           main] org.hibernate.orm.deprecation            : HHH90000026: MySQL8Dialect has been deprecated; use org.hibernate.dialect.MySQLDialect instead
2026-06-25T14:56:44.728Z  INFO 75552 --- [LojaCarro] [           main] org.hibernate.orm.connections.pooling    : HHH10001005: Database info:
	Database JDBC URL [Connecting through datasource 'HikariDataSource (HikariPool-1)']
	Database driver: undefined/unknown
	Database version: 8.0
	Autocommit mode: undefined/unknown
	Isolation level: undefined/unknown
	Minimum pool size: undefined/unknown
	Maximum pool size: undefined/unknown
2026-06-25T14:56:46.282Z  INFO 75552 --- [LojaCarro] [           main] o.h.e.t.j.p.i.JtaPlatformInitiator       : HHH000489: No JTA platform available (set 'hibernate.transaction.jta.platform' to enable JTA platform integration)
2026-06-25T14:56:46.472Z  INFO 75552 --- [LojaCarro] [           main] j.LocalContainerEntityManagerFactoryBean : Initialized JPA EntityManagerFactory for persistence unit 'default'
2026-06-25T14:56:47.204Z DEBUG 75552 --- [LojaCarro] [           main] b.o.e.i.L.s.JwtAuthenticationFilter      : Filter 'jwtAuthenticationFilter' configured for use
2026-06-25T14:56:47.346Z  INFO 75552 --- [LojaCarro] [           main] eAuthenticationProviderManagerConfigurer : Global AuthenticationManager configured with AuthenticationProvider bean with name authenticationProvider
2026-06-25T14:56:47.350Z  WARN 75552 --- [LojaCarro] [           main] r$InitializeUserDetailsManagerConfigurer : Global AuthenticationManager configured with an AuthenticationProvider bean. UserDetailsService beans will not be used by Spring Security for automatically configuring username/password login. Consider removing the AuthenticationProvider bean. Alternatively, consider using the UserDetailsService in a manually instantiated DaoAuthenticationProvider. If the current configuration is intentional, to turn off this warning, increase the logging level of 'org.springframework.security.config.annotation.authentication.configuration.InitializeUserDetailsBeanManagerConfigurer' to ERROR
2026-06-25T14:56:47.512Z  WARN 75552 --- [LojaCarro] [           main] JpaBaseConfiguration$JpaWebConfiguration : spring.jpa.open-in-view is enabled by default. Therefore, database queries may be performed during view rendering. Explicitly configure spring.jpa.open-in-view to disable this warning
2026-06-25T14:56:48.493Z  INFO 75552 --- [LojaCarro] [           main] o.s.b.w.embedded.tomcat.TomcatWebServer  : Tomcat started on port 8080 (http) with context path '/'
2026-06-25T14:56:48.532Z  INFO 75552 --- [LojaCarro] [           main] b.o.e.i.LojaCarro.LojaCarroApplication   : Started LojaCarroApplication in 10.649 seconds (process running for 11.519)
Hibernate: 
    select
        r1_0.id,
        r1_0.name 
    from
        roles r1_0 
    where
        r1_0.name=?
Hibernate: 
    select
        r1_0.id,
        r1_0.name 
    from
        roles r1_0 
    where
        r1_0.name=?
Hibernate: 
    select
        r1_0.id,
        r1_0.name 
    from
        roles r1_0 
    where
        r1_0.name=?
Hibernate: 
    select
        r1_0.id,
        r1_0.name 
    from
        roles r1_0 
    where
        r1_0.name=?
Hibernate: 
    select
        u1_0.id 
    from
        usuarios u1_0 
    where
        u1_0.username=? 
    limit
        ?
Hibernate: 
    select
        u1_0.id 
    from
        usuarios u1_0 
    where
        u1_0.username=? 
    limit
        ?
Hibernate: 
    select
        u1_0.id 
    from
        usuarios u1_0 
    where
        u1_0.username=? 
    limit
        ?
Hibernate: 
    select
        u1_0.id 
    from
        usuarios u1_0 
    where
        u1_0.username=? 
    limit
        ?
2026-06-25T14:57:43.679Z  INFO 75552 --- [LojaCarro] [nio-8080-exec-1] o.a.c.c.C.[Tomcat].[localhost].[/]       : Initializing Spring DispatcherServlet 'dispatcherServlet'
2026-06-25T14:57:43.680Z  INFO 75552 --- [LojaCarro] [nio-8080-exec-1] o.s.web.servlet.DispatcherServlet        : Initializing Servlet 'dispatcherServlet'
2026-06-25T14:57:43.682Z  INFO 75552 --- [LojaCarro] [nio-8080-exec-1] o.s.web.servlet.DispatcherServlet        : Completed initialization in 2 ms
Hibernate: 
    select
        c1_0.id,
        c1_0.ano,
        c1_0.modelo,
        c1_0.preco 
    from
        carro c1_0
Hibernate: 
    select
        u1_0.id,
        u1_0.account_non_expired,
        u1_0.account_non_locked,
        u1_0.credentials_non_expired,
        u1_0.email,
        u1_0.enabled,
        u1_0.full_name,
        u1_0.password,
        u1_0.username 
    from
        usuarios u1_0 
    where
        u1_0.username=?
Hibernate: 
    select
        r1_0.usuario_id,
        r1_1.id,
        r1_1.name 
    from
        usuario_roles r1_0 
    join
        roles r1_1 
            on r1_1.id=r1_0.role_id 
    where
        r1_0.usuario_id=?
Hibernate: 
    select
        u1_0.id,
        u1_0.account_non_expired,
        u1_0.account_non_locked,
        u1_0.credentials_non_expired,
        u1_0.email,
        u1_0.enabled,
        u1_0.full_name,
        u1_0.password,
        u1_0.username 
    from
        usuarios u1_0 
    where
        u1_0.username=?
Hibernate: 
    select
        u1_0.id,
        u1_0.account_non_expired,
        u1_0.account_non_locked,
        u1_0.credentials_non_expired,
        u1_0.email,
        u1_0.enabled,
        u1_0.full_name,
        u1_0.password,
        u1_0.username 
    from
        usuarios u1_0 
    where
        u1_0.username=?
Hibernate: 
    select
        r1_0.usuario_id,
        r1_1.id,
        r1_1.name 
    from
        usuario_roles r1_0 
    join
        roles r1_1 
            on r1_1.id=r1_0.role_id 
    where
        r1_0.usuario_id=?
Hibernate: 
    insert 
    into
        carro
        (ano, modelo, preco) 
    values
        (?, ?, ?)
Hibernate: 
    select
        c1_0.id,
        c1_0.ano,
        c1_0.modelo,
        c1_0.preco 
    from
        carro c1_0
Hibernate: 
    select
        u1_0.id,
        u1_0.account_non_expired,
        u1_0.account_non_locked,
        u1_0.credentials_non_expired,
        u1_0.email,
        u1_0.enabled,
        u1_0.full_name,
        u1_0.password,
        u1_0.username 
    from
        usuarios u1_0 
    where
        u1_0.username=?
Hibernate: 
    select
        r1_0.usuario_id,
        r1_1.id,
        r1_1.name 
    from
        usuario_roles r1_0 
    join
        roles r1_1 
            on r1_1.id=r1_0.role_id 
    where
        r1_0.usuario_id=?
Hibernate: 
    select
        count(*) 
    from
        carro c1_0 
    where
        c1_0.id=?
Hibernate: 
    select
        c1_0.id,
        c1_0.ano,
        c1_0.modelo,
        c1_0.preco 
    from
        carro c1_0 
    where
        c1_0.id=?
Hibernate: 
    update
        carro 
    set
        ano=?,
        modelo=?,
        preco=? 
    where
        id=?
Hibernate: 
    select
        c1_0.id,
        c1_0.ano,
        c1_0.modelo,
        c1_0.preco 
    from
        carro c1_0
Hibernate: 
    select
        u1_0.id,
        u1_0.account_non_expired,
        u1_0.account_non_locked,
        u1_0.credentials_non_expired,
        u1_0.email,
        u1_0.enabled,
        u1_0.full_name,
        u1_0.password,
        u1_0.username 
    from
        usuarios u1_0 
    where
        u1_0.username=?
Hibernate: 
    select
        r1_0.usuario_id,
        r1_1.id,
        r1_1.name 
    from
        usuario_roles r1_0 
    join
        roles r1_1 
            on r1_1.id=r1_0.role_id 
    where
        r1_0.usuario_id=?
Hibernate: 
    select
        c1_0.id,
        c1_0.ano,
        c1_0.modelo,
        c1_0.preco 
    from
        carro c1_0 
    where
        c1_0.id=?
Hibernate: 
    delete 
    from
        carro 
    where
        id=?
Hibernate: 
    select
        c1_0.id,
        c1_0.ano,
        c1_0.modelo,
        c1_0.preco 
    from
        carro c1_0
2026-06-25T14:59:04.649Z  INFO 75552 --- [LojaCarro] [ionShutdownHook] o.s.b.w.e.tomcat.GracefulShutdown        : Commencing graceful shutdown. Waiting for active requests to complete
2026-06-25T14:59:04.658Z  INFO 75552 --- [LojaCarro] [tomcat-shutdown] o.s.b.w.e.tomcat.GracefulShutdown        : Graceful shutdown complete
2026-06-25T14:59:04.672Z  INFO 75552 --- [LojaCarro] [ionShutdownHook] j.LocalContainerEntityManagerFactoryBean : Closing JPA EntityManagerFactory for persistence unit 'default'
2026-06-25T14:59:04.677Z  INFO 75552 --- [LojaCarro] [ionShutdownHook] com.zaxxer.hikari.HikariDataSource       : HikariPool-1 - Shutdown initiated...
2026-06-25T14:59:04.698Z  INFO 75552 --- [LojaCarro] [ionShutdownHook] com.zaxxer.hikari.HikariDataSource       : HikariPool-1 - Shutdown completed.
